./libmy.a:1: MAJOR:C-O1
./my_rpg:1: MAJOR:C-O1
./src/hub.c:12: MINOR:C-L3
./src/hub.c:30: MINOR:C-F8
./src/hub.c:32: MAJOR:C-C1
./src/hub.c:32: MAJOR:C-F3
./src/hub.c:36: MAJOR:C-C1
./src/hub.c:37: MAJOR:C-C1
./src/hub.c:37: MAJOR:C-F3
./src/hub.c:43: MINOR:C-F8
./src/hub.c:50: MAJOR:C-F4
./src/hub.c:51: MAJOR:C-F4
./src/hub.c:52: MAJOR:C-F4
./src/hub.c:53: MAJOR:C-F3
./src/hub.c:53: MAJOR:C-F4
./src/hub.c:54: MAJOR:C-F4
./src/hub.c:55: MAJOR:C-F4
./src/hub.c:56: MAJOR:C-F4
./src/hub.c:57: MAJOR:C-F4
./src/hub.c:58: MAJOR:C-F4
./src/hub.c:61: MINOR:C-F2
./src/hub.c:61: MINOR:C-L4
./src/hub.c:82: MAJOR:C-F4
./src/hub.c:83: MAJOR:C-F4
./src/hub.c:84: MAJOR:C-F4
./src/hub.c:85: MAJOR:C-F4
./src/hub.c:86: MAJOR:C-F4
./src/hub.c:87: MAJOR:C-F4
./src/hub.c:88: MAJOR:C-F4
./src/hub.c:89: MAJOR:C-F4
./src/hub.c:90: MAJOR:C-F4
./src/hub.c:91: MAJOR:C-F4
./src/hub.c:92: MAJOR:C-F4
./src/hub.c:93: MAJOR:C-F4
./src/hub.c:94: MAJOR:C-F4
./src/hub.c:95: MAJOR:C-F4
./src/hub.c:96: MAJOR:C-F3
./src/hub.c:96: MAJOR:C-F4
./src/hub.c:97: MAJOR:C-F3
./src/hub.c:97: MAJOR:C-F4
./src/hub.c:98: MAJOR:C-F4
./src/hub.c:99: MAJOR:C-F3
./src/hub.c:99: MAJOR:C-F4
./src/hub.c:100: MAJOR:C-F4
./src/hub.c:101: MAJOR:C-F4
./src/hub.c:102: MAJOR:C-F3
./src/hub.c:102: MAJOR:C-F4
./src/hub.c:103: MAJOR:C-F4
./src/hub.c:104: MAJOR:C-F4
./src/hub.c:105: MAJOR:C-F4
./src/hub.c:106: MAJOR:C-F4
./src/hub.c:107: MAJOR:C-F4
./src/include/weapons.h:11: MINOR:C-G3
./src/include/worlds.h:28: MINOR:C-L4
./src/include/worlds.h:40: MINOR:C-L4
./src/include/worlds.h:64: MINOR:C-L4
./src/include/worlds.h:69: MINOR:C-L4
./src/include/worlds.h:74: MINOR:C-L4
./src/include/worlds.h:79: MINOR:C-L4
./src/inventaire/inventaire.c:144: MAJOR:C-F3
./src/inventaire/print_weapon_stat.c:33: MAJOR:C-F3
./src/inventaire/print_weapon_stat.c:34: MAJOR:C-F4
./src/inventaire/print_weapon_stat.c:35: MAJOR:C-F4
./src/inventaire/print_weapon_stat.c:36: MAJOR:C-F4
./src/inventaire/print_weapon_stat.c:60: MAJOR:C-F3
./src/inventaire/print_weapon_stat.c:61: MAJOR:C-F4
./src/inventaire/print_weapon_stat.c:62: MAJOR:C-F4
./src/inventaire/print_weapon_stat.c:63: MAJOR:C-F4
./src/inventaire/print_weapon_stat.c:87: MAJOR:C-F3
./src/inventaire/print_weapon_stat.c:88: MAJOR:C-F4
./src/inventaire/print_weapon_stat.c:89: MAJOR:C-F4
./src/inventaire/print_weapon_stat.c:90: MAJOR:C-F4
./src/inventaire/print_weapon_stat.c:114: MAJOR:C-F3
./src/inventaire/print_weapon_stat.c:115: MAJOR:C-F4
./src/inventaire/print_weapon_stat.c:116: MAJOR:C-F4
./src/inventaire/print_weapon_stat.c:117: MAJOR:C-F4
./src/inventaire/print_weapon_stat.c:141: MAJOR:C-F3
./src/inventaire/print_weapon_stat.c:142: MAJOR:C-F4
./src/inventaire/print_weapon_stat.c:143: MAJOR:C-F4
./src/inventaire/print_weapon_stat.c:144: MAJOR:C-F4
./src/loading_screen.c:38: MAJOR:C-F3
./src/loading_screen.c:39: MAJOR:C-F3
./src/loading_screen.c:40: MAJOR:C-F3
./src/loading_screen.c:41: MAJOR:C-F3
./src/loading_screen.c:61: MAJOR:C-C1
./src/loading_screen.c:61: MAJOR:C-F3
./src/loading_screen.c:66: MAJOR:C-F4
./src/loading_screen.c:67: MAJOR:C-F3
./src/loading_screen.c:67: MAJOR:C-F4
./src/loading_screen.c:68: MAJOR:C-F4
./src/loading_screen.c:69: MAJOR:C-F4
./src/main.c:61: MAJOR:C-F4
./src/main.c:62: MAJOR:C-F4
./src/main.c:63: MAJOR:C-F4
./src/main.c:64: MAJOR:C-F4
./src/main.c:65: MAJOR:C-F4
./src/main.c:66: MAJOR:C-F4
./src/main.c:67: MAJOR:C-F4
./src/main.c:68: MAJOR:C-F4
./src/main.c:69: MAJOR:C-F4
./src/main.c:70: MAJOR:C-F4
./src/rng.c:29: MAJOR:C-F3
./src/rng.c:33: MAJOR:C-F3
./src/rng.c:34: MAJOR:C-F3
./src/rng.c:87: MAJOR:C-O3
./src/rng.c:89: MAJOR:C-F3
./src/rng.c:90: MAJOR:C-F3
./src/rng.c:96: MAJOR:C-O3
./src/rng.c:98: MAJOR:C-F3
./src/rng.c:99: MAJOR:C-F3
./src/rpg.h:31: MINOR:C-L3
./src/rpg.h:152: MINOR:C-L3
./src/rpg.h:174: MAJOR:C-F3
./src/rpg.h:175: MAJOR:C-F3
./src/setup/set_all_perso.c:16: MAJOR:C-F3
./src/setup/set_all_perso.c:17: MAJOR:C-F3
./src/setup/set_all_perso.c:19: MAJOR:C-F3
./src/setup/set_all_perso.c:20: MAJOR:C-F3
./src/setup/set_all_perso.c:33: MAJOR:C-F4
./src/setup/set_all_perso.c:34: MAJOR:C-F4
./src/setup/set_all_perso.c:42: MAJOR:C-F3
./src/setup/set_all_perso.c:43: MAJOR:C-F3
./src/setup/set_all_perso.c:45: MAJOR:C-F3
./src/setup/set_all_perso.c:46: MAJOR:C-F3
./src/setup/set_all_perso.c:59: MAJOR:C-F4
./src/setup/set_all_perso.c:60: MAJOR:C-F4
./src/setup/set_all_perso.c:68: MAJOR:C-F3
./src/setup/set_all_perso.c:69: MAJOR:C-F3
./src/setup/set_all_perso.c:71: MAJOR:C-F3
./src/setup/set_all_perso.c:72: MAJOR:C-F3
./src/setup/set_all_perso.c:85: MAJOR:C-F4
./src/setup/set_all_perso.c:86: MAJOR:C-F4
./src/setup/set_all_perso.c:94: MAJOR:C-F3
./src/setup/set_all_perso.c:95: MAJOR:C-F3
./src/setup/set_all_perso.c:97: MAJOR:C-F3
./src/setup/set_all_perso.c:98: MAJOR:C-F3
./src/setup/set_all_perso.c:111: MAJOR:C-F4
./src/setup/set_all_perso.c:112: MAJOR:C-F4
./src/setup/set_all_perso.c:121: MAJOR:C-F3
./src/setup/set_all_perso.c:124: MAJOR:C-F3
./src/setup/set_all_perso.c:124: MINOR:C-F8
./src/setup/set_all_perso.c:125: MAJOR:C-F3
./src/setup/set_all_perso.c:127: MAJOR:C-F3
./src/setup/set_all_perso.c:127: MINOR:C-F8
./src/setup/set_all_perso.c:137: MAJOR:C-F4
./src/setup/set_all_perso.c:138: MAJOR:C-F4
./src/setup/set_all_perso.c:139: MAJOR:C-F4
./src/setup/set_all_perso.c:144: MINOR:C-L6
./src/setup/set_boss.c:17: MAJOR:C-F3
./src/setup/set_boss.c:18: MAJOR:C-F3
./src/setup/set_boss.c:40: MAJOR:C-F3
./src/setup/set_boss.c:41: MAJOR:C-F3
./src/setup/set_boss.c:63: MAJOR:C-F3
./src/setup/set_boss.c:64: MAJOR:C-F3
./src/setup/set_boss.c:86: MAJOR:C-F3
./src/setup/set_boss.c:87: MAJOR:C-F3
./src/setup/set_boss.c:109: MAJOR:C-F3
./src/setup/set_boss.c:110: MAJOR:C-F3
./src/setup/set_boss.c:132: MAJOR:C-F3
./src/setup/set_boss.c:133: MAJOR:C-F3
./src/setup/set_boss.c:155: MAJOR:C-F3
./src/setup/set_boss.c:156: MAJOR:C-F3
./src/setup/set_boss.c:178: MAJOR:C-F3
./src/setup/set_boss.c:179: MAJOR:C-F3
./src/setup/set_enemy.c:19: MAJOR:C-F3
./src/setup/set_enemy.c:42: MAJOR:C-F3
./src/setup/set_enemy.c:65: MAJOR:C-F3
./src/setup/set_enemy.c:88: MAJOR:C-F3
./src/setup/set_enemy.c:111: MAJOR:C-F3
./src/setup/set_enemy.c:134: MAJOR:C-F3
./src/setup/set_enemy.c:151: MAJOR:C-F3
./src/setup/set_enemy.c:152: MAJOR:C-F3
./src/setup/set_enemy.c:153: MAJOR:C-F3
./src/setup/set_enemy.c:154: MAJOR:C-F3
./src/setup/set_enemy.c:155: MAJOR:C-F3
./src/setup/set_enemy.c:156: MAJOR:C-F3
./src/setup/set_enemy.c:157: MAJOR:C-F3
./src/setup/set_enemy.c:159: MAJOR:C-F3
./src/setup/set_enemy.c:160: MAJOR:C-F3
./src/setup/set_enemy.c:161: MINOR:C-F8
./src/setup/set_enemy.c:162: MINOR:C-F8
./src/setup/set_enemy.c:163: MINOR:C-F8
./src/setup/set_enemy.c:164: MINOR:C-F8
./src/setup/set_enemy.c:165: MAJOR:C-F3
./src/setup/set_enemy.c:165: MINOR:C-F8
./src/setup/set_enemy.c:166: MINOR:C-F8
./src/setup/set_enemy.c:167: MAJOR:C-F3
./src/setup/set_enemy.c:167: MINOR:C-F8
./src/setup/set_enemy.c:168: MINOR:C-F8
./src/setup/set_enemy.c:169: MINOR:C-F8
./src/setup/set_enemy.c:170: MINOR:C-F8
./src/setup/set_enemy.c:171: MAJOR:C-F4
./src/setup/set_enemy.c:171: MINOR:C-F8
./src/setup/set_enemy.c:172: MAJOR:C-F4
./src/setup/set_enemy.c:172: MINOR:C-F8
./src/setup/set_enemy.c:173: MAJOR:C-F4
./src/setup/set_enemy.c:173: MINOR:C-F8
./src/setup/set_enemy.c:174: MAJOR:C-F4
./src/setup/set_enemy.c:174: MINOR:C-F8
./src/setup/set_enemy.c:175: MAJOR:C-F4
./src/setup/set_enemy.c:175: MINOR:C-F8
./src/setup/set_enemy.c:176: MAJOR:C-F4
./src/setup/set_enemy.c:176: MINOR:C-F8
./src/setup/set_enemy.c:177: MAJOR:C-F4
./src/setup/set_enemy.c:177: MINOR:C-F8
./src/setup/set_enemy.c:178: MAJOR:C-F4
./src/setup/set_enemy.c:178: MINOR:C-F8
./src/setup/set_enemy.c:179: MAJOR:C-F3
./src/setup/set_enemy.c:179: MAJOR:C-F4
./src/setup/set_enemy.c:179: MINOR:C-F8
./src/setup/set_enemy.c:180: MAJOR:C-F4
./src/setup/set_enemy.c:180: MINOR:C-F8
./src/setup/set_enemy.c:181: MAJOR:C-F4
./src/setup/set_enemy.c:181: MINOR:C-F8
./src/setup/set_enemy.c:182: MAJOR:C-F3
./src/setup/set_enemy.c:182: MAJOR:C-F4
./src/setup/set_enemy.c:182: MINOR:C-F8
./src/setup/set_enemy.c:183: MAJOR:C-F4
./src/setup/set_enemy.c:183: MINOR:C-F8
./src/setup/set_enemy.c:184: MAJOR:C-F4
./src/setup/set_enemy.c:184: MINOR:C-F8
./src/setup/set_enemy.c:185: MAJOR:C-F4
./src/setup/set_enemy.c:185: MINOR:C-F8
./src/setup/set_enemy.c:186: MAJOR:C-F4
./src/setup/set_enemy.c:186: MINOR:C-F8
./src/setup/set_enemy.c:187: MAJOR:C-F4
./src/setup/set_enemy.c:187: MINOR:C-F8
./src/setup/set_enemy.c:188: MAJOR:C-F4
./src/setup/set_enemy.c:188: MINOR:C-F8
./src/setup/set_enemy.c:189: MAJOR:C-F4
./src/setup/set_enemy.c:189: MINOR:C-F8
./src/setup/set_enemy.c:190: MAJOR:C-F3
./src/setup/set_enemy.c:190: MAJOR:C-F4
./src/setup/set_enemy.c:190: MINOR:C-F8
./src/setup/set_enemy.c:191: MAJOR:C-F4
./src/setup/set_enemy.c:191: MINOR:C-F8
./src/setup/set_enemy.c:192: MAJOR:C-F4
./src/setup/set_enemy.c:192: MINOR:C-F8
./src/setup/set_enemy.c:193: MAJOR:C-F4
./src/setup/set_enemy.c:193: MINOR:C-F8
./src/setup/set_enemy.c:194: MAJOR:C-F4
./src/setup/set_enemy.c:194: MINOR:C-F8
./src/setup/set_enemy.c:195: MAJOR:C-F3
./src/setup/set_enemy.c:195: MAJOR:C-F4
./src/setup/set_enemy.c:195: MINOR:C-F8
./src/setup/set_enemy.c:196: MAJOR:C-F4
./src/setup/set_enemy.c:196: MINOR:C-F8
./src/setup/set_enemy.c:197: MAJOR:C-F4
./src/setup/set_enemy.c:197: MINOR:C-F8
./src/setup/set_enemy.c:198: MAJOR:C-F4
./src/setup/set_enemy.c:198: MINOR:C-F8
./src/setup/set_enemy.c:199: MAJOR:C-F4
./src/setup/set_enemy.c:199: MINOR:C-F8
./src/setup/set_enemy.c:200: MAJOR:C-F4
./src/setup/set_enemy.c:200: MINOR:C-F8
./src/setup/set_enemy.c:201: MAJOR:C-F4
./src/setup/set_enemy.c:201: MINOR:C-F8
./src/setup/set_enemy.c:202: MAJOR:C-F4
./src/setup/set_enemy.c:202: MINOR:C-F8
./src/setup/set_enemy.c:203: MAJOR:C-F4
./src/setup/set_enemy2.c:17: MAJOR:C-F3
./src/setup/setup_weapons.c:16: MAJOR:C-F3
./src/setup/setup_weapons.c:17: MAJOR:C-F3
./src/setup/setup_weapons.c:22: MAJOR:C-F3
./src/setup/setup_weapons.c:22: MINOR:C-F8
./src/setup/setup_weapons.c:23: MAJOR:C-F3
./src/setup/setup_weapons.c:23: MINOR:C-F8
./src/setup/setup_weapons.c:24: MAJOR:C-F3
./src/setup/setup_weapons.c:24: MINOR:C-F8
./src/shop/print_tools.c:32: MAJOR:C-F3
./src/shop/print_tools.c:35: MAJOR:C-F4
./src/shop/print_tools.c:36: MAJOR:C-F4
./src/shop/print_tools.c:37: MAJOR:C-F4
./src/shop/print_tools.c:38: MAJOR:C-F4
./src/shop/print_tools.c:39: MAJOR:C-F4
./src/shop/print_tools.c:40: MAJOR:C-F4
./src/shop/print_tools.c:41: MAJOR:C-F4
./src/shop/print_tools.c:42: MAJOR:C-F4
./src/shop/print_tools.c:43: MAJOR:C-C1
./src/shop/print_tools.c:43: MAJOR:C-F3
./src/shop/print_tools.c:43: MAJOR:C-F4
./src/shop/print_tools.c:44: MAJOR:C-F4
./src/shop/print_tools.c:45: MAJOR:C-F4
./src/shop/print_tools.c:46: MAJOR:C-F4
./src/shop/print_tools.c:47: MAJOR:C-F4
./src/shop/print_tools.c:72: MAJOR:C-F4
./src/shop/print_tools.c:73: MAJOR:C-F4
./src/shop/print_tools.c:74: MAJOR:C-F4
./src/shop/print_tools.c:75: MAJOR:C-F4
./src/shop/print_tools.c:76: MAJOR:C-F4
./src/shop/print_tools.c:77: MAJOR:C-F4
./src/shop/print_tools.c:78: MAJOR:C-F4
./src/shop/print_tools.c:79: MAJOR:C-F4
./src/shop/print_tools.c:80: MAJOR:C-F4
./src/shop/print_tools.c:81: MAJOR:C-F4
./src/shop/print_tools.c:82: MAJOR:C-F4
./src/shop/print_tools.c:83: MAJOR:C-F4
./src/shop/print_tools.c:108: MAJOR:C-F4
./src/shop/print_tools.c:109: MAJOR:C-F4
./src/shop/print_tools.c:110: MAJOR:C-F4
./src/shop/print_tools.c:111: MAJOR:C-F4
./src/shop/print_tools.c:112: MAJOR:C-F4
./src/shop/print_tools.c:137: MAJOR:C-F4
./src/shop/print_tools.c:138: MAJOR:C-F4
./src/shop/print_tools.c:139: MAJOR:C-F4
./src/shop/print_tools.c:140: MAJOR:C-F4
./src/shop/print_tools.c:141: MAJOR:C-F4
./src/shop/print_tools.c:142: MAJOR:C-F4
./src/shop/print_tools.c:143: MAJOR:C-F4
./src/shop/print_tools.c:144: MAJOR:C-F4
./src/shop/print_tools.c:145: MAJOR:C-F4
./src/shop/print_tools.c:146: MAJOR:C-F4
./src/shop/print_tools.c:147: MAJOR:C-F4
./src/shop/print_tools.c:148: MAJOR:C-F4
./src/shop/print_tools.c:149: MAJOR:C-F4
./src/shop/print_tools.c:150: MAJOR:C-F4
./src/shop/print_tools.c:151: MAJOR:C-F4
./src/shop/print_tools.c:152: MAJOR:C-F4
./src/shop/print_tools.c:153: MAJOR:C-F4
./src/shop/print_tools.c:154: MAJOR:C-F4
./src/shop/print_tools.c:154: MAJOR:C-L5
./src/shop/print_tools.c:155: MAJOR:C-F4
./src/shop/print_tools.c:155: MAJOR:C-L5
./src/shop/print_tools.c:156: MAJOR:C-F4
./src/shop/print_tools.c:156: MAJOR:C-L5
./src/shop/print_tools.c:157: MAJOR:C-F4
./src/shop/print_tools.c:157: MAJOR:C-L5
./src/shop/print_tools.c:158: MAJOR:C-F4
./src/shop/print_tools.c:159: MAJOR:C-F4
./src/shop/print_tools.c:160: MAJOR:C-F4
./src/shop/print_tools.c:161: MAJOR:C-F4
./src/shop/print_tools.c:162: MAJOR:C-F4
./src/shop/print_tools.c:163: MAJOR:C-F4
./src/shop/select.c:19: MAJOR:C-F3
./src/shop/select.c:28: MAJOR:C-F3
./src/shop/select.c:35: MAJOR:C-F4
./src/shop/select.c:36: MAJOR:C-F4
./src/shop/select.c:37: MAJOR:C-F3
./src/shop/select.c:37: MAJOR:C-F4
./src/shop/select.c:38: MAJOR:C-F4
./src/shop/select.c:39: MAJOR:C-F4
./src/shop/select.c:40: MAJOR:C-F4
./src/shop/select.c:41: MAJOR:C-F4
./src/shop/select.c:42: MAJOR:C-F4
./src/shop/select.c:43: MAJOR:C-F4
./src/shop/select.c:44: MAJOR:C-F4
./src/shop/select.c:45: MAJOR:C-F4
./src/shop/select.c:46: MAJOR:C-F3
./src/shop/select.c:46: MAJOR:C-F4
./src/shop/select.c:47: MAJOR:C-F4
./src/shop/select.c:48: MAJOR:C-F4
./src/shop/select.c:49: MAJOR:C-F4
./src/shop/select.c:50: MAJOR:C-F4
./src/shop/select.c:51: MAJOR:C-F4
./src/shop/select.c:52: MAJOR:C-F4
./src/shop/select.c:53: MAJOR:C-F4
./src/shop/select.c:54: MAJOR:C-F4
./src/shop/select.c:55: MAJOR:C-F3
./src/shop/select.c:55: MAJOR:C-F4
./src/shop/select.c:56: MAJOR:C-F4
./src/shop/select.c:57: MAJOR:C-F4
./src/shop/select.c:58: MAJOR:C-F4
./src/shop/select.c:59: MAJOR:C-F4
./src/shop/select.c:60: MAJOR:C-F4
./src/shop/select.c:61: MAJOR:C-F4
./src/shop/select.c:84: MAJOR:C-C1
./src/shop/select.c:86: MAJOR:C-F4
./src/shop/select.c:87: MAJOR:C-F4
./src/shop/select.c:88: MAJOR:C-F4
./src/shop/select.c:89: MAJOR:C-F4
./src/shop/select.c:90: MAJOR:C-F4
./src/shop/select.c:91: MAJOR:C-F4
./src/shop/select.c:92: MAJOR:C-F4
./src/shop/select.c:93: MAJOR:C-F4
./src/shop/select.c:94: MAJOR:C-F4
./src/shop/select.c:95: MAJOR:C-F4
./src/shop/select.c:96: MAJOR:C-F4
./src/shop/select.c:97: MAJOR:C-F4
./src/shop/select.c:98: MAJOR:C-F4
./src/shop/shop.c:13: MAJOR:C-F3
./src/shop/shop.c:18: MINOR:C-L3
./src/shop/shop.c:27: MAJOR:C-L5
./src/shop/shop.c:28: MINOR:C-L6
./src/shop/shop.c:51: MINOR:C-F8
./src/shop/shop.c:88: MAJOR:C-F4
./src/shop/shop.c:89: MAJOR:C-F4
./src/shop/shop.c:90: MAJOR:C-F4
./src/shop/shop.c:91: MAJOR:C-F4
./src/shop/shop.c:92: MAJOR:C-F4
./src/shop/shop.c:104: MAJOR:C-F3
./src/shop/shop.c:105: MAJOR:C-F3
./src/shop/shop.c:106: MAJOR:C-F3
./src/shop/shop.c:107: MAJOR:C-F3
./src/shop/shop.c:109: MAJOR:C-L1
./src/shop/shop.c:117: MAJOR:C-F4
./src/shop/shop.c:118: MAJOR:C-F4
./src/shop/shop.c:119: MAJOR:C-F4
./src/shop/shop.c:120: MAJOR:C-F4
./src/shop/shop.c:121: MAJOR:C-F4
./src/shop/shop.c:122: MAJOR:C-F4
./src/shop/shop.c:123: MAJOR:C-F4
./src/shop/shop.c:124: MAJOR:C-F4
./src/shop/shop.c:125: MAJOR:C-F4
./src/shop/shop.c:126: MAJOR:C-F4
./src/shop/shop.c:127: MAJOR:C-F4
./src/shop/shop.c:128: MAJOR:C-F4
./src/shop/shop.c:129: MAJOR:C-F4
./src/shop/shop.c:130: MAJOR:C-F4
./src/shop/shop.c:131: MAJOR:C-F4
./src/shop/shop.c:139: MAJOR:C-F3
./src/shop/shop.c:140: MAJOR:C-F3
./src/shop/shop.c:141: MAJOR:C-F3
./src/shop/shop.c:142: MAJOR:C-F3
./src/shop/shop.c:143: MAJOR:C-F3
./src/shop/shop.c:144: MAJOR:C-F3
./src/shop/shop.c:145: MAJOR:C-F3
./src/shop/shop.c:146: MAJOR:C-F3
./src/shop/shop.c:147: MAJOR:C-F3
./src/shop/shop.c:148: MAJOR:C-F3
./src/shop/shop.c:149: MAJOR:C-F3
./src/shop/shop.c:150: MAJOR:C-F3
./src/shop/shop.c:151: MAJOR:C-F3
./src/shop/shop.c:152: MAJOR:C-F3
./src/shop/shop.c:153: MAJOR:C-F3
./src/shop/shop.c:156: MAJOR:C-F4
./src/shop/shop.c:157: MAJOR:C-F4
./src/shop/shop.c:158: MAJOR:C-F4
./src/shop/shop.c:159: MAJOR:C-F4
./src/shop/shop.c:160: MAJOR:C-F4
./src/shop/shop.c:161: MAJOR:C-F4
./src/shop/shop.c:162: MAJOR:C-F4
./src/shop/shop.c:163: MAJOR:C-F4
./src/shop/shop.c:164: MAJOR:C-F4
./src/shop/shop.c:165: MAJOR:C-F4
./src/shop/shop.c:166: MAJOR:C-F4
./src/shop/shop.c:167: MAJOR:C-F4
./src/shop/shop.c:168: MAJOR:C-C1
./src/shop/shop.c:168: MAJOR:C-F4
./src/shop/shop.c:169: MAJOR:C-F4
./src/shop/shop.c:170: MAJOR:C-C1
./src/shop/shop.c:170: MAJOR:C-F4
./src/shop/shop.c:171: MAJOR:C-F4
./src/shop/shop.c:172: MAJOR:C-C1
./src/shop/shop.c:172: MAJOR:C-F4
./src/shop/shop.c:173: MAJOR:C-F4
./src/shop/shop.c:174: MAJOR:C-C1
./src/shop/shop.c:174: MAJOR:C-F4
./src/shop/shop.c:175: MAJOR:C-F4
./src/shop/shop.c:176: MAJOR:C-F4
./src/shop/shop.c:177: MAJOR:C-F4
./src/shop/shop.c:178: MAJOR:C-F4
./src/shop/shop.c:179: MAJOR:C-F4
./src/shop/shop.c:180: MAJOR:C-F4
./src/shop/shop.c:181: MAJOR:C-F4
